<?xml version="1.0" encoding="UTF-8"?>
<testsuite xmlns:xsi="http://www.w3.org/2001/XMLSchema-instance" xsi:noNamespaceSchemaLocation="https://maven.apache.org/surefire/maven-surefire-plugin/xsd/surefire-test-report-3.0.xsd" version="3.0" name="calculator_testing.devops.CalculatorTest" time="0.466" tests="17" errors="0" skipped="0" failures="0">
  <properties>
[...]
</properties>
  <testcase name="add_twoNumbers(int, int, int)[1]" classname="calculator_testing.devops.CalculatorTest" time="0.147">
    <system-out><![CDATA[[Before All] Calculator Test suite starting .... by pkafle
[Before Each] Starting Test #1: 100+2=102
[After Each] Finished Test #1: 100+2=102

]]></system-out>
  </testcase>
  <testcase name="add_twoNumbers(int, int, int)[2]" classname="calculator_testing.devops.CalculatorTest" time="0.002">
    <system-out><![CDATA[[Before Each] Starting Test #2: 100+-2=98
[After Each] Finished Test #2: 100+-2=98

]]></system-out>
  </testcase>
  <testcase name="add_twoNumbers(int, int, int)[3]" classname="calculator_testing.devops.CalculatorTest" time="0.003">
    <system-out><![CDATA[[Before Each] Starting Test #3: -100+2=-98
[After Each] Finished Test #3: -100+2=-98

]]></system-out>
  </testcase>
  <testcase name="add_twoNumbers(int, int, int)[4]" classname="calculator_testing.devops.CalculatorTest" time="0.003">
    <system-out><![CDATA[[Before Each] Starting Test #4: -100+-2=-102
[After Each] Finished Test #4: -100+-2=-102

]]></system-out>
  </testcase>
  <testcase name="multiple_twoNumbers(int, int, int)[1]" classname="calculator_testing.devops.CalculatorTest" time="0.003">
    <system-out><![CDATA[[Before Each] Starting Test #5: 100*2=200
[After Each] Finished Test #5: 100*2=200

]]></system-out>
  </testcase>
  <testcase name="multiple_twoNumbers(int, int, int)[2]" classname="calculator_testing.devops.CalculatorTest" time="0.004">
    <system-out><![CDATA[[Before Each] Starting Test #6: 100*-2=-200
[After Each] Finished Test #6: 100*-2=-200

]]></system-out>
  </testcase>
  <testcase name="multiple_twoNumbers(int, int, int)[3]" classname="calculator_testing.devops.CalculatorTest" time="0.003">
    <system-out><![CDATA[[Before Each] Starting Test #7: -100*2=-200
[After Each] Finished Test #7: -100*2=-200

]]></system-out>
  </testcase>
  <testcase name="multiple_twoNumbers(int, int, int)[4]" classname="calculator_testing.devops.CalculatorTest" time="0.001">
    <system-out><![CDATA[[Before Each] Starting Test #8: -100*-2=200
[After Each] Finished Test #8: -100*-2=200

]]></system-out>
  </testcase>
  <testcase name="substract_twoNumbers(int, int, int)[1]" classname="calculator_testing.devops.CalculatorTest" time="0.002">
    <system-out><![CDATA[[Before Each] Starting Test #9: 100-2=98
[After Each] Finished Test #9: 100-2=98

]]></system-out>
  </testcase>
  <testcase name="substract_twoNumbers(int, int, int)[2]" classname="calculator_testing.devops.CalculatorTest" time="0.003">
    <system-out><![CDATA[[Before Each] Starting Test #10: 100--2=102
[After Each] Finished Test #10: 100--2=102

]]></system-out>
  </testcase>
  <testcase name="substract_twoNumbers(int, int, int)[3]" classname="calculator_testing.devops.CalculatorTest" time="0.001">
    <system-out><![CDATA[[Before Each] Starting Test #11: -100-2=-102
[After Each] Finished Test #11: -100-2=-102

]]></system-out>
  </testcase>
  <testcase name="substract_twoNumbers(int, int, int)[4]" classname="calculator_testing.devops.CalculatorTest" time="0.003">
    <system-out><![CDATA[[Before Each] Starting Test #12: -100--2=-98
[After Each] Finished Test #12: -100--2=-98

]]></system-out>
  </testcase>
  <testcase name="divi(int, int, int)[1]" classname="calculator_testing.devops.CalculatorTest" time="0.005">
    <system-out><![CDATA[[Before Each] Starting Test #13: 100/2=50
[After Each] Finished Test #13: 100/2=50

]]></system-out>
  </testcase>
  <testcase name="divi(int, int, int)[2]" classname="calculator_testing.devops.CalculatorTest" time="0.002">
    <system-out><![CDATA[[Before Each] Starting Test #14: 100/-2=-50
[After Each] Finished Test #14: 100/-2=-50

]]></system-out>
  </testcase>
  <testcase name="divi(int, int, int)[3]" classname="calculator_testing.devops.CalculatorTest" time="0.003">
    <system-out><![CDATA[[Before Each] Starting Test #15: -100/2=-50
[After Each] Finished Test #15: -100/2=-50

]]></system-out>
  </testcase>
  <testcase name="divi(int, int, int)[4]" classname="calculator_testing.devops.CalculatorTest" time="0.004">
    <system-out><![CDATA[[Before Each] Starting Test #16: -100/-2=50
[After Each] Finished Test #16: -100/-2=50

]]></system-out>
  </testcase>
  <testcase name="divide_byZero" classname="calculator_testing.devops.CalculatorTest" time="0.004">
    <system-out><![CDATA[[Before Each] Starting Test #17: divide_byZero()
[After Each] Finished Test #17: divide_byZero()

]]></system-out>
  </testcase>
</testsuite>